<?xml version="1.0" encoding="UTF-8"?>
<testng-results ignored="0" total="1" passed="1" failed="0" skipped="0">
  <reporter-output>
    <line>
      <![CDATA[openBrowser]]>
    </line>
    <line>
      <![CDATA[login]]>
    </line>
    <line>
      <![CDATA[Creat Customer]]>
    </line>
    <line>
      <![CDATA[logout]]>
    </line>
    <line>
      <![CDATA[closeBrowser]]>
    </line>
  </reporter-output>
  <suite started-at="2023-07-21T09:09:44 IST" name="Default suite" finished-at="2023-07-21T09:09:58 IST" duration-ms="14534">
    <groups>
    </groups>
    <test started-at="2023-07-21T09:09:44 IST" name="Default test" finished-at="2023-07-21T09:09:58 IST" duration-ms="14534">
      <class name="com.actitime_project.testscript.CustomerModule">
        <test-method is-config="true" signature="openBrowser()[pri:0, instance:com.actitime_project.testscript.CustomerModule@15de0b3c]" started-at="2023-07-21T09:09:44 IST" name="openBrowser" finished-at="2023-07-21T09:09:46 IST" duration-ms="2107" status="PASS">
          <reporter-output>
            <line>
              <![CDATA[openBrowser]]>
            </line>
          </reporter-output>
        </test-method> <!-- openBrowser -->
        <test-method is-config="true" signature="login()[pri:0, instance:com.actitime_project.testscript.CustomerModule@15de0b3c]" started-at="2023-07-21T09:09:46 IST" name="login" finished-at="2023-07-21T09:09:52 IST" duration-ms="6402" status="PASS">
          <reporter-output>
            <line>
              <![CDATA[login]]>
            </line>
          </reporter-output>
        </test-method> <!-- login -->
        <test-method signature="testCreatCustomer()[pri:0, instance:com.actitime_project.testscript.CustomerModule@15de0b3c]" started-at="2023-07-21T09:09:52 IST" name="testCreatCustomer" finished-at="2023-07-21T09:09:52 IST" duration-ms="11" status="PASS">
          <reporter-output>
            <line>
              <![CDATA[Creat Customer]]>
            </line>
          </reporter-output>
        </test-method> <!-- testCreatCustomer -->
        <test-method is-config="true" signature="logout()[pri:0, instance:com.actitime_project.testscript.CustomerModule@15de0b3c]" started-at="2023-07-21T09:09:52 IST" name="logout" finished-at="2023-07-21T09:09:58 IST" duration-ms="5725" status="PASS">
          <reporter-output>
            <line>
              <![CDATA[logout]]>
            </line>
          </reporter-output>
        </test-method> <!-- logout -->
        <test-method is-config="true" signature="closeBrowser()[pri:0, instance:com.actitime_project.testscript.CustomerModule@15de0b3c]" started-at="2023-07-21T09:09:58 IST" name="closeBrowser" finished-at="2023-07-21T09:09:58 IST" duration-ms="247" status="PASS">
          <reporter-output>
            <line>
              <![CDATA[closeBrowser]]>
            </line>
          </reporter-output>
        </test-method> <!-- closeBrowser -->
      </class> <!-- com.actitime_project.testscript.CustomerModule -->
    </test> <!-- Default test -->
  </suite> <!-- Default suite -->
</testng-results>
